2021-12-24 16:33:02,026 - INFO - battle - 开始测试！
2021-12-24 16:33:02,689 - INFO - battle - 成功删除装备！
2021-12-24 16:33:02,690 - INFO - battle - 开始添加装备！
2021-12-24 16:33:03,058 - INFO - battle - 添加20点体力！
2021-12-24 16:33:03,636 - INFO - battle - 添加了装备：流星法杖(红+4)
2021-12-24 16:33:04,019 - INFO - battle - 添加了装备：愤怒的帽子(红+4)
2021-12-24 16:33:04,401 - INFO - battle - 添加了装备：加厚法袍(红+4)
2021-12-24 16:33:04,787 - INFO - battle - 添加了装备：狼牙指环(红+4)
2021-12-24 16:33:05,162 - INFO - battle - 添加了装备：哈迪斯护腕(红+4)
2021-12-24 16:33:05,535 - INFO - battle - 添加了装备：复制之靴(红+4)
2021-12-24 16:33:05,536 - INFO - battle - 添加装备结束！
2021-12-24 16:33:06,270 - INFO - battle - 游戏切到后台！
2021-12-24 16:33:06,729 - INFO - battle - 后台切回游戏！
2021-12-24 16:33:06,731 - INFO - battle - 开始穿装备！
2021-12-24 16:33:50,376 - INFO - battle - 穿完装备，回到主界面！
2021-12-24 16:33:50,377 - INFO - battle - 开始选择章节！
2021-12-24 16:33:50,378 - INFO - battle - 需要选择的章节id：20
2021-12-24 16:34:44,145 - INFO - battle - 成功选择章节！
2021-12-24 16:34:47,393 - INFO - battle - 开始战斗！
2021-12-24 16:35:33,487 - INFO - battle - 通关，到结算界面！
2021-12-24 16:35:50,493 - INFO - battle - 战斗结束，回到主界面！
2021-12-24 16:35:50,494 - INFO - battle - 开始脱装备！
2021-12-24 16:36:39,125 - INFO - battle - 脱完装备，回到主界面！
2021-12-24 16:36:39,542 - INFO - battle - 成功删除装备！
2021-12-24 16:36:39,543 - INFO - battle - 开始测试！
2021-12-24 16:36:39,901 - INFO - battle - 成功删除装备！
2021-12-24 16:36:39,902 - INFO - battle - 开始添加装备！
2021-12-24 16:36:40,450 - INFO - battle - 添加20点体力！
2021-12-24 16:36:40,822 - INFO - battle - 添加了装备：闪电法杖(红+4)
2021-12-24 16:36:41,193 - INFO - battle - 添加了装备：阿瑞斯王冠(红+4)
2021-12-24 16:36:41,559 - INFO - battle - 添加了装备：尖刺法袍(红+4)
2021-12-24 16:36:41,983 - INFO - battle - 添加了装备：狼牙指环(红+4)
2021-12-24 16:36:42,360 - INFO - battle - 添加了装备：爱心护腕(红+4)
2021-12-24 16:36:42,760 - INFO - battle - 添加了装备：复制之靴(红+4)
2021-12-24 16:36:42,762 - INFO - battle - 添加装备结束！
2021-12-24 16:36:43,474 - INFO - battle - 游戏切到后台！
2021-12-24 16:36:43,921 - INFO - battle - 后台切回游戏！
2021-12-24 16:36:43,923 - INFO - battle - 开始穿装备！
2021-12-24 16:37:26,369 - INFO - battle - 穿完装备，回到主界面！
2021-12-24 16:37:26,371 - INFO - battle - 开始选择章节！
2021-12-24 16:37:26,372 - INFO - battle - 需要选择的章节id：40
2021-12-24 16:38:19,239 - INFO - battle - 成功选择章节！
2021-12-24 16:38:22,265 - INFO - battle - 开始战斗！
2021-12-24 16:45:10,133 - INFO - battle - 通关，到结算界面！
2021-12-24 16:45:31,903 - INFO - battle - 战斗结束，回到主界面！
2021-12-24 16:45:31,905 - INFO - battle - 开始脱装备！
2021-12-24 16:46:18,222 - INFO - battle - 脱完装备，回到主界面！
2021-12-24 16:46:18,642 - INFO - battle - 成功删除装备！
2021-12-24 16:46:18,643 - INFO - battle - 开始测试！
2021-12-24 16:46:18,999 - INFO - battle - 成功删除装备！
2021-12-24 16:46:19,001 - INFO - battle - 开始添加装备！
2021-12-24 16:46:19,367 - INFO - battle - 添加20点体力！
2021-12-24 16:46:19,738 - INFO - battle - 添加了装备：闪电法杖(红+4)
2021-12-24 16:46:20,108 - INFO - battle - 添加了装备：愤怒的帽子(红+4)
2021-12-24 16:46:20,478 - INFO - battle - 添加了装备：雅典娜法袍(红+4)
2021-12-24 16:46:20,859 - INFO - battle - 添加了装备：狼牙指环(红+4)
2021-12-24 16:46:21,231 - INFO - battle - 添加了装备：哈迪斯护腕(红+4)
2021-12-24 16:46:21,612 - INFO - battle - 添加了装备：钢铁之靴(红+4)
2021-12-24 16:46:21,614 - INFO - battle - 添加装备结束！
2021-12-24 16:46:22,345 - INFO - battle - 游戏切到后台！
2021-12-24 16:46:22,774 - INFO - battle - 后台切回游戏！
2021-12-24 16:46:22,775 - INFO - battle - 开始穿装备！
2021-12-24 16:47:04,878 - INFO - battle - 穿完装备，回到主界面！
2021-12-24 16:47:04,879 - INFO - battle - 开始选择章节！
2021-12-24 16:47:04,880 - INFO - battle - 需要选择的章节id：60
2021-12-24 16:47:57,365 - INFO - battle - 成功选择章节！
2021-12-24 16:48:00,493 - INFO - battle - 开始战斗！
2021-12-24 16:50:26,751 - INFO - battle - 通关，到结算界面！
2021-12-24 16:50:44,425 - INFO - battle - 战斗结束，回到主界面！
2021-12-24 16:50:44,427 - INFO - battle - 开始脱装备！
2021-12-24 16:51:31,326 - INFO - battle - 脱完装备，回到主界面！
2021-12-24 16:51:31,734 - INFO - battle - 成功删除装备！
2021-12-24 16:51:31,735 - INFO - battle - 开始测试！
2021-12-24 16:51:32,090 - INFO - battle - 成功删除装备！
2021-12-24 16:51:32,092 - INFO - battle - 开始添加装备！
2021-12-24 16:51:32,458 - INFO - battle - 添加20点体力！
2021-12-24 16:51:33,028 - INFO - battle - 添加了装备：波塞冬权杖(红+4)
2021-12-24 16:51:33,402 - INFO - battle - 添加了装备：愤怒的帽子(红+4)
2021-12-24 16:51:33,770 - INFO - battle - 添加了装备：加厚法袍(红+4)
2021-12-24 16:51:34,141 - INFO - battle - 添加了装备：狼牙指环(红+4)
2021-12-24 16:51:34,514 - INFO - battle - 添加了装备：杰克的护腕(红+4)
2021-12-24 16:51:34,883 - INFO - battle - 添加了装备：赫尔墨斯之靴(红+4)
2021-12-24 16:51:34,885 - INFO - battle - 添加装备结束！
2021-12-24 16:51:35,584 - INFO - battle - 游戏切到后台！
2021-12-24 16:51:36,004 - INFO - battle - 后台切回游戏！
2021-12-24 16:51:36,005 - INFO - battle - 开始穿装备！
2021-12-24 16:52:18,491 - INFO - battle - 穿完装备，回到主界面！
2021-12-24 16:52:18,493 - INFO - battle - 开始选择章节！
2021-12-24 16:52:18,494 - INFO - battle - 需要选择的章节id：65
