2021-12-23 14:49:05,448 - INFO - battle - 开始测试！
2021-12-23 14:49:05,828 - INFO - battle - 成功删除装备！
2021-12-23 14:49:05,829 - INFO - battle - 开始添加装备！
2021-12-23 14:49:06,210 - INFO - battle - 添加20点体力！
2021-12-23 14:49:06,597 - INFO - battle - 添加了装备：3010314
2021-12-23 14:49:07,177 - INFO - battle - 添加了装备：3020314
2021-12-23 14:49:07,564 - INFO - battle - 添加了装备：3030214
2021-12-23 14:49:07,960 - INFO - battle - 添加了装备：3040414
2021-12-23 14:49:08,350 - INFO - battle - 添加了装备：3050214
2021-12-23 14:49:08,735 - INFO - battle - 添加了装备：3060314
2021-12-23 14:49:08,736 - INFO - battle - 添加装备结束！
2021-12-23 14:49:09,505 - INFO - battle - 游戏切到后台！
2021-12-23 14:49:09,962 - INFO - battle - 后台切回游戏！
2021-12-23 14:49:09,963 - INFO - battle - 开始穿装备！
2021-12-23 14:49:51,825 - INFO - battle - 穿完装备，回到主界面！
2021-12-23 14:49:51,826 - INFO - battle - 开始选择章节！
2021-12-23 14:49:51,827 - INFO - battle - 需要选择的章节id：20
2021-12-23 14:50:37,174 - INFO - battle - 成功选择章节！
2021-12-23 14:50:40,128 - INFO - battle - 开始战斗！
2021-12-23 14:51:22,031 - INFO - battle - 学习技能：激光横扫
2021-12-23 14:52:09,158 - INFO - battle - 通关，到结算界面！
2021-12-23 14:52:26,106 - INFO - battle - 战斗结束，回到主界面！
2021-12-23 14:52:26,107 - INFO - battle - 开始脱装备！
2021-12-23 14:53:11,805 - INFO - battle - 脱完装备，回到主界面！
2021-12-23 14:53:12,241 - INFO - battle - 成功删除装备！
2021-12-23 14:53:12,242 - INFO - battle - 开始测试！
2021-12-23 14:53:12,643 - INFO - battle - 成功删除装备！
2021-12-23 14:53:12,645 - INFO - battle - 开始添加装备！
2021-12-23 14:53:13,126 - INFO - battle - 添加20点体力！
2021-12-23 14:53:13,538 - INFO - battle - 添加了装备：3010314
2021-12-23 14:53:14,125 - INFO - battle - 添加了装备：3020214
2021-12-23 14:53:14,717 - INFO - battle - 添加了装备：3030314
2021-12-23 14:53:15,107 - INFO - battle - 添加了装备：3040314
2021-12-23 14:53:15,501 - INFO - battle - 添加了装备：3050214
2021-12-23 14:53:15,890 - INFO - battle - 添加了装备：3060414
2021-12-23 14:53:15,891 - INFO - battle - 添加装备结束！
2021-12-23 14:53:16,616 - INFO - battle - 游戏切到后台！
2021-12-23 14:53:17,024 - INFO - battle - 后台切回游戏！
2021-12-23 14:53:17,025 - INFO - battle - 开始穿装备！
2021-12-23 14:53:59,093 - INFO - battle - 穿完装备，回到主界面！
2021-12-23 14:53:59,094 - INFO - battle - 开始选择章节！
2021-12-23 14:53:59,095 - INFO - battle - 需要选择的章节id：40
2021-12-23 14:54:37,326 - INFO - battle - 成功选择章节！
2021-12-23 14:54:40,301 - INFO - battle - 开始战斗！
2021-12-23 14:55:31,003 - INFO - battle - 学习技能：雷电精通
2021-12-23 14:59:49,130 - INFO - battle - 通关，到结算界面！
2021-12-23 15:00:07,899 - INFO - battle - 战斗结束，回到主界面！
2021-12-23 15:00:07,900 - INFO - battle - 开始脱装备！
2021-12-23 15:00:53,877 - INFO - battle - 脱完装备，回到主界面！
2021-12-23 15:00:54,340 - INFO - battle - 成功删除装备！
2021-12-23 15:00:54,341 - INFO - battle - 开始测试！
2021-12-23 15:00:54,719 - INFO - battle - 成功删除装备！
2021-12-23 15:00:54,721 - INFO - battle - 开始添加装备！
2021-12-23 15:00:55,101 - INFO - battle - 添加20点体力！
2021-12-23 15:00:55,487 - INFO - battle - 添加了装备：3010214
2021-12-23 15:00:55,876 - INFO - battle - 添加了装备：3020314
2021-12-23 15:00:56,264 - INFO - battle - 添加了装备：3030414
2021-12-23 15:00:56,659 - INFO - battle - 添加了装备：3040214
2021-12-23 15:00:57,049 - INFO - battle - 添加了装备：3050114
2021-12-23 15:00:57,455 - INFO - battle - 添加了装备：3060414
2021-12-23 15:00:57,456 - INFO - battle - 添加装备结束！
2021-12-23 15:00:58,140 - INFO - battle - 游戏切到后台！
2021-12-23 15:00:58,630 - INFO - battle - 后台切回游戏！
2021-12-23 15:00:58,631 - INFO - battle - 开始穿装备！
2021-12-23 15:01:41,011 - INFO - battle - 穿完装备，回到主界面！
2021-12-23 15:01:41,012 - INFO - battle - 开始选择章节！
2021-12-23 15:01:41,013 - INFO - battle - 需要选择的章节id：60
2021-12-23 15:02:19,274 - INFO - battle - 成功选择章节！
2021-12-23 15:02:22,384 - INFO - battle - 开始战斗！
2021-12-23 15:05:01,110 - INFO - battle - 学习技能：爆裂火焰
2021-12-23 15:05:09,019 - INFO - battle - 通关，到结算界面！
2021-12-23 15:05:25,618 - INFO - battle - 战斗结束，回到主界面！
2021-12-23 15:05:25,619 - INFO - battle - 开始脱装备！
2021-12-23 15:06:12,112 - INFO - battle - 脱完装备，回到主界面！
2021-12-23 15:06:12,548 - INFO - battle - 成功删除装备！
2021-12-23 15:06:12,549 - INFO - battle - 开始测试！
2021-12-23 15:06:12,932 - INFO - battle - 成功删除装备！
2021-12-23 15:06:12,934 - INFO - battle - 开始添加装备！
2021-12-23 15:06:13,326 - INFO - battle - 添加20点体力！
2021-12-23 15:06:13,714 - INFO - battle - 添加了装备：3010314
2021-12-23 15:06:14,106 - INFO - battle - 添加了装备：3020314
2021-12-23 15:06:14,496 - INFO - battle - 添加了装备：3030114
2021-12-23 15:06:14,886 - INFO - battle - 添加了装备：3040414
2021-12-23 15:06:15,285 - INFO - battle - 添加了装备：3050414
2021-12-23 15:06:15,676 - INFO - battle - 添加了装备：3060214
2021-12-23 15:06:15,677 - INFO - battle - 添加装备结束！
2021-12-23 15:06:16,359 - INFO - battle - 游戏切到后台！
2021-12-23 15:06:16,783 - INFO - battle - 后台切回游戏！
2021-12-23 15:06:16,784 - INFO - battle - 开始穿装备！
2021-12-23 15:06:59,054 - INFO - battle - 穿完装备，回到主界面！
2021-12-23 15:06:59,055 - INFO - battle - 开始选择章节！
2021-12-23 15:06:59,056 - INFO - battle - 需要选择的章节id：65
2021-12-23 15:07:25,071 - INFO - battle - 成功选择章节！
2021-12-23 15:07:28,115 - INFO - battle - 开始战斗！
2021-12-23 15:08:27,160 - INFO - battle - 学习技能：黑洞球
2021-12-23 15:08:39,677 - INFO - battle - 学习技能：冲锋陷阵
2021-12-23 15:10:37,171 - INFO - battle - 通关，到结算界面！
2021-12-23 15:10:56,914 - INFO - battle - 战斗结束，回到主界面！
2021-12-23 15:10:56,915 - INFO - battle - 开始脱装备！
2021-12-23 15:11:43,278 - INFO - battle - 脱完装备，回到主界面！
2021-12-23 15:11:43,738 - INFO - battle - 成功删除装备！
2021-12-23 15:11:43,739 - INFO - battle - 测试结束！
